[28876:12676:0219/022903.032:INFO:chrome_browser_cloud_management_controller.cc(196)] No machine level policy manager exists.
[23824:12720:0219/022903.161:INFO:cpu_info.cc(53)] Available number of cores: 16
[16020:29080:0219/022903.164:INFO:cpu_info.cc(53)] Available number of cores: 16
[20608:29408:0219/022903.219:WARNING:viz_main_impl.cc(85)] VizNullHypothesis is disabled (not a warning)
[17936:11928:0219/022903.462:INFO:cpu_info.cc(53)] Available number of cores: 16
[28140:8240:0219/022903.519:INFO:cpu_info.cc(53)] Available number of cores: 16
[28876:12676:0219/022903.523:INFO:CONSOLE(0)] "Fetch event handler is recognized as no-op. No-op fetch handler may bring overhead during navigation. Consider removing the handler if possible.", source:  (0)
[28876:12676:0219/022903.533:INFO:CONSOLE(2)] "No pending requests to replay", source: https://cdn.moengage.com/webpush/releases/serviceworker_cdn.min.latest.js (2)
[28876:12676:0219/022905.363:INFO:CONSOLE(38)] "0", source: https://www.olx.com.pk/assets/186.4a1d1a628415b9dd.js (38)
[4124:8752:0219/022905.414:INFO:cpu_info.cc(53)] Available number of cores: 16
[15840:5604:0219/022905.432:INFO:cpu_info.cc(53)] Available number of cores: 16
[28876:12676:0219/022905.437:INFO:CONSOLE(0)] "Not signed in with the identity provider.", source: https://www.olx.com.pk/ (0)
[23836:26504:0219/022905.511:INFO:cpu_info.cc(53)] Available number of cores: 16
[26916:14936:0219/022905.708:ERROR:dxgi_device_manager.cc(229)] Failed to set D3D manager, Not implemented (0x80004001)
[26916:14936:0219/022905.709:ERROR:dxgi_device_manager.cc(229)] Failed to set D3D manager, Not implemented (0x80004001)
[28876:12676:0219/022905.750:WARNING:capture_device_ranking.h(255)] Can't initialize the value of media.audio_input.user_preference_ranking because media.default_audio_capture_device isn't registered or is empty
[28876:12676:0219/022905.750:WARNING:capture_device_ranking.h(255)] Can't initialize the value of media.video_input.user_preference_ranking because media.default_video_capture_Device isn't registered or is empty
[28876:12676:0219/022905.788:INFO:CONSOLE(38)] "[object Object] Failed to validate Humbucker challenge", source: https://www.olx.com.pk/assets/186.4a1d1a628415b9dd.js (38)
[28876:12676:0219/022905.983:INFO:CONSOLE(2)] "Powered by AMP ⚡ HTML – Version 2502032353000 https://www.olx.com.pk/", source: https://cdn.ampproject.org/rtv/012502032353000/amp4ads-v0.mjs (2)
[28876:12676:0219/022906.090:INFO:CONSOLE(38)] "[GSI_LOGGER]: FedCM get() rejects with NetworkError: Error retrieving a token.", source: https://www.olx.com.pk/assets/186.4a1d1a628415b9dd.js (38)
[21748:6724:0219/022906.316:INFO:cpu_info.cc(53)] Available number of cores: 16
[28808:24580:0219/022906.318:INFO:cpu_info.cc(53)] Available number of cores: 16
[29220:29288:0219/022920.480:WARNING:sqlite_persistent_store_backend_base.cc(198)] Failed to post task from FlushAndNotifyInBackground@net\extras\sqlite\sqlite_persistent_store_backend_base.cc:248 to client_task_runner_.
[29220:29288:0219/022920.480:WARNING:sqlite_persistent_store_backend_base.cc(198)] Failed to post task from FlushAndNotifyInBackground@net\extras\sqlite\sqlite_persistent_store_backend_base.cc:248 to client_task_runner_.
[26916:14936:0219/022920.556:ERROR:command_buffer_proxy_impl.cc(325)] GPU state invalid after WaitForGetOffsetInRange.
